<?xml version="1.0" encoding="UTF-8"?>
<!-- Generated by org.testng.reporters.JUnitXMLReporter -->
<testsuite hostname="maya-home" name="Yahoo News Test" tests="1" failures="1" timestamp="26 May 2016 20:31:07 GMT" time="0.018" errors="0">
  <testcase name="yahooNews" time="0.008" classname="test.YahooNewsTest">
    <failure type="java.lang.AssertionError" message="expected [good] but found [Good]">
      <![CDATA[java.lang.AssertionError: expected [good] but found [Good]
	at test.YahooNewsTest.yahooNews(YahooNewsTest.java:20)
... Removed 31 stack frames]]>
    </failure>
  </testcase> <!-- yahooNews -->
</testsuite> <!-- Yahoo News Test -->
